This is XeTeX, Version 3.14159265-2.6-0.999991 (MiKTeX 2.9.7200 64-bit) (preloaded format=xelatex 2019.10.6)  22 NOV 2019 21:14
entering extended mode
**D:/moren/Documents/Eagle/chimera-steeringwheel/documentation/refactor.tex
(D:/moren/Documents/Eagle/chimera-steeringwheel/documentation/refactor.tex
LaTeX2e <2019-10-01>
("C:\Program Files\LaTeX\tex/latex/base\article.cls"
Document Class: article 2019/08/27 v1.4j Standard LaTeX document class
("C:\Program Files\LaTeX\tex/latex/base\size12.clo"
File: size12.clo 2019/08/27 v1.4j Standard LaTeX file (size option)
)
\c@part=\count80
\c@section=\count81
\c@subsection=\count82
\c@subsubsection=\count83
\c@paragraph=\count84
\c@subparagraph=\count85
\c@figure=\count86
\c@table=\count87
\abovecaptionskip=\skip41
\belowcaptionskip=\skip42
\bibindent=\dimen102
)
("C:\Program Files\LaTeX\tex/latex/base\inputenc.sty"
Package: inputenc 2018/08/11 v1.3c Input encoding file
\inpenc@prehook=\toks14
\inpenc@posthook=\toks15


Package inputenc Warning: inputenc package ignored with utf8 based engines.

) ("C:\Program Files\LaTeX\tex/latex/graphics\graphicx.sty"
Package: graphicx 2017/06/01 v1.1a Enhanced LaTeX Graphics (DPC,SPQR)

("C:\Program Files\LaTeX\tex/latex/graphics\keyval.sty"
Package: keyval 2014/10/28 v1.15 key=value parser (DPC)
\KV@toks@=\toks16
)
("C:\Program Files\LaTeX\tex/latex/graphics\graphics.sty"
Package: graphics 2019/07/20 v1.3b Standard LaTeX Graphics (DPC,SPQR)

("C:\Program Files\LaTeX\tex/latex/graphics\trig.sty"
Package: trig 2016/01/03 v1.10 sin cos tan (DPC)
)
("C:\Program Files\LaTeX\tex/latex/graphics-cfg\graphics.cfg"
File: graphics.cfg 2016/06/04 v1.11 sample graphics configuration
)
Package graphics Info: Driver file: xetex.def on input line 105.

("C:\Program Files\LaTeX\tex/latex/graphics-def\xetex.def"
File: xetex.def 2017/06/24 v5.0h Graphics/color driver for xetex
))
\Gin@req@height=\dimen103
\Gin@req@width=\dimen104
) (refactor.aux)
\openout1 = `refactor.aux'.

LaTeX Font Info:    Checking defaults for OML/cmm/m/it on input line 11.
LaTeX Font Info:    ... okay on input line 11.
LaTeX Font Info:    Checking defaults for T1/cmr/m/n on input line 11.
LaTeX Font Info:    ... okay on input line 11.
LaTeX Font Info:    Checking defaults for OT1/cmr/m/n on input line 11.
LaTeX Font Info:    ... okay on input line 11.
LaTeX Font Info:    Checking defaults for OMS/cmsy/m/n on input line 11.
LaTeX Font Info:    ... okay on input line 11.
LaTeX Font Info:    Checking defaults for TU/lmr/m/n on input line 11.
LaTeX Font Info:    ... okay on input line 11.
LaTeX Font Info:    Checking defaults for OMX/cmex/m/n on input line 11.
LaTeX Font Info:    ... okay on input line 11.
LaTeX Font Info:    Checking defaults for U/cmr/m/n on input line 11.
LaTeX Font Info:    ... okay on input line 11.
LaTeX Font Info:    External font `cmex10' loaded for size
(Font)              <14.4> on input line 14.
LaTeX Font Info:    External font `cmex10' loaded for size
(Font)              <7> on input line 14.


LaTeX Warning: No \author given.

[1

]
File: code.png Graphic file (type bmp)
<code.png>
 [1] [2] [3] [4] [5]
Overfull \hbox (29.33994pt too wide) in paragraph at lines 173--173
 []    \TU/lmtt/m/n/12 Q_PROPERTY(int warning READ warning NOTIFY warningChange
d);[] 
 []


Overfull \hbox (66.41995pt too wide) in paragraph at lines 177--177
 []    \TU/lmtt/m/n/12 Q_PROPERTY(int varWarning READ getWarning NOTIFY warning
Changed);[] 
 []

[6] (refactor.aux) ) 
Here is how much of TeX's memory you used:
 659 strings out of 427242
 7859 string characters out of 3146778
 76730 words of memory out of 3000000
 5187 multiletter control sequences out of 15000+200000
 4617 words of font info for 25 fonts, out of 3000000 for 9000
 1348 hyphenation exceptions out of 8191
 28i,6n,23p,543b,298s stack positions out of 5000i,500n,10000p,200000b,50000s

Output written on refactor.pdf (7 pages).
